{
  "0 debug pnpm:scope": {
    "selected": 1
  },
  "1 error pnpm": {
    "errno": 1,
    "code": "ELIFECYCLE",
    "pkgid": "@svelte-drama/swr@0.0.1",
    "stage": "format",
    "script": "prettier --ignore-path .gitignore --write --plugin-search-dir=. .",
    "pkgname": "@svelte-drama/swr",
    "err": {
      "name": "pnpm",
      "message": "@svelte-drama/swr@0.0.1 format: `prettier --ignore-path .gitignore --write --plugin-search-dir=. .`\nExit status 1",
      "code": "ELIFECYCLE",
      "stack": "pnpm: @svelte-drama/swr@0.0.1 format: `prettier --ignore-path .gitignore --write --plugin-search-dir=. .`\nExit status 1\n    at EventEmitter.<anonymous> (C:\\Users\\Admin\\AppData\\Roaming\\npm\\pnpm-global\\5\\node_modules\\.pnpm\\pnpm@6.17.0\\node_modules\\pnpm\\dist\\pnpm.cjs:105154:20)\n    at EventEmitter.emit (events.js:315:20)\n    at ChildProcess.<anonymous> (C:\\Users\\Admin\\AppData\\Roaming\\npm\\pnpm-global\\5\\node_modules\\.pnpm\\pnpm@6.17.0\\node_modules\\pnpm\\dist\\pnpm.cjs:93143:18)\n    at ChildProcess.emit (events.js:315:20)\n    at maybeClose (internal/child_process.js:1048:16)\n    at Process.ChildProcess._handle.onexit (internal/child_process.js:288:5)"
    }
  },
  "2 warn pnpm:global": " Local package.json exists, but node_modules missing, did you mean to install?"
}